{"timestamp": "2025-03-01T02:39:41.836179Z", "level": "CRITICAL", "message": "Uncaught exception occurred\nTraceback (most recent call last):\n  File \"/home/linhao/code/py/drone-system/main.py\", line 31, in _load_config\n    with open(config_path, 'r') as f:\n         ^^^^^^^^^^^^^^^^^^^^^^\nFileNotFoundError: [Errno 2] No such file or directory: 'config/default.yaml'\n\nDuring handling of the above exception, another exception occurred:\n\nTraceback (most recent call last):\n  File \"/home/linhao/code/py/drone-system/main.py\", line 147, in <module>\n    drone = DroneSystem()\n            ^^^^^^^^^^^^^\n  File \"/home/linhao/code/py/drone-system/main.py\", line 22, in __init__\n    self._load_config(config_path)\n  File \"/home/linhao/code/py/drone-system/main.py\", line 35, in _load_config\n    self.logger.error(f\"Config load failed: {str(e)}\")\n    ^^^^^^^^^^^\nAttributeError: 'DroneSystem' object has no attribute 'logger'", "logger": "control", "module": "logger", "line": 116, "process": 24574, "thread": "MainThread"}
{"timestamp": "2025-03-01T02:44:27.121985Z", "level": "CRITICAL", "message": "Uncaught exception occurred\nTraceback (most recent call last):\n  File \"/home/linhao/code/py/drone-system/main.py\", line 33, in _load_config\n    self.logger.info(f\"Loaded config from {config_path}\")\n    ^^^^^^^^^^^\nAttributeError: 'DroneSystem' object has no attribute 'logger'\n\nDuring handling of the above exception, another exception occurred:\n\nTraceback (most recent call last):\n  File \"/home/linhao/code/py/drone-system/main.py\", line 147, in <module>\n    drone = DroneSystem()\n            ^^^^^^^^^^^^^\n  File \"/home/linhao/code/py/drone-system/main.py\", line 22, in __init__\n    self._load_config(config_path)\n  File \"/home/linhao/code/py/drone-system/main.py\", line 35, in _load_config\n    self.logger.error(f\"Config load failed: {str(e)}\")\n    ^^^^^^^^^^^\nAttributeError: 'DroneSystem' object has no attribute 'logger'", "logger": "control", "module": "logger", "line": 116, "process": 26360, "thread": "MainThread"}
